{"C:\\Users\\sferd\\ForgeArena\\shared\\firebase.js": {"path":"C:\\Users\\sferd\\ForgeArena\\shared\\firebase.js","statementMap":{"0":{"start":{"line":5,"column":9},"end":{"line":5,"column":13}},"1":{"start":{"line":7,"column":21},"end":{"line":28,"column":1}},"2":{"start":{"line":8,"column":2},"end":{"line":26,"column":3}},"3":{"start":{"line":9,"column":4},"end":{"line":25,"column":5}},"4":{"start":{"line":10,"column":29},"end":{"line":17,"column":7}},"5":{"start":{"line":19,"column":18},"end":{"line":19,"column":47}},"6":{"start":{"line":20,"column":6},"end":{"line":20,"column":29}},"7":{"start":{"line":21,"column":6},"end":{"line":21,"column":55}},"8":{"start":{"line":23,"column":6},"end":{"line":23,"column":68}},"9":{"start":{"line":24,"column":6},"end":{"line":24,"column":16}},"10":{"start":{"line":27,"column":2},"end":{"line":27,"column":12}},"11":{"start":{"line":31,"column":16},"end":{"line":67,"column":1}},"12":{"start":{"line":32,"column":20},"end":{"line":32,"column":34}},"13":{"start":{"line":33,"column":2},"end":{"line":62,"column":3}},"14":{"start":{"line":34,"column":4},"end":{"line":61,"column":5}},"15":{"start":{"line":35,"column":22},"end":{"line":35,"column":60}},"16":{"start":{"line":36,"column":22},"end":{"line":36,"column":43}},"17":{"start":{"line":38,"column":6},"end":{"line":58,"column":7}},"18":{"start":{"line":39,"column":21},"end":{"line":39,"column":35}},"19":{"start":{"line":40,"column":8},"end":{"line":55,"column":10}},"20":{"start":{"line":57,"column":8},"end":{"line":57,"column":42}},"21":{"start":{"line":60,"column":6},"end":{"line":60,"column":68}},"22":{"start":{"line":65,"column":23},"end":{"line":65,"column":44}},"23":{"start":{"line":66,"column":2},"end":{"line":66,"column":18}},"24":{"start":{"line":70,"column":19},"end":{"line":99,"column":1}},"25":{"start":{"line":71,"column":20},"end":{"line":71,"column":34}},"26":{"start":{"line":72,"column":2},"end":{"line":93,"column":3}},"27":{"start":{"line":73,"column":4},"end":{"line":92,"column":5}},"28":{"start":{"line":74,"column":22},"end":{"line":74,"column":60}},"29":{"start":{"line":75,"column":6},"end":{"line":86,"column":9}},"30":{"start":{"line":88,"column":6},"end":{"line":88,"column":46}},"31":{"start":{"line":89,"column":6},"end":{"line":89,"column":25}},"32":{"start":{"line":91,"column":6},"end":{"line":91,"column":59}},"33":{"start":{"line":96,"column":23},"end":{"line":96,"column":44}},"34":{"start":{"line":97,"column":2},"end":{"line":97,"column":39}},"35":{"start":{"line":98,"column":2},"end":{"line":98,"column":18}},"36":{"start":{"line":102,"column":20},"end":{"line":128,"column":1}},"37":{"start":{"line":103,"column":20},"end":{"line":103,"column":34}},"38":{"start":{"line":104,"column":2},"end":{"line":124,"column":3}},"39":{"start":{"line":105,"column":4},"end":{"line":123,"column":5}},"40":{"start":{"line":106,"column":22},"end":{"line":106,"column":59}},"41":{"start":{"line":107,"column":22},"end":{"line":107,"column":43}},"42":{"start":{"line":109,"column":6},"end":{"line":120,"column":7}},"43":{"start":{"line":110,"column":21},"end":{"line":110,"column":35}},"44":{"start":{"line":111,"column":8},"end":{"line":117,"column":10}},"45":{"start":{"line":119,"column":8},"end":{"line":119,"column":47}},"46":{"start":{"line":122,"column":6},"end":{"line":122,"column":68}},"47":{"start":{"line":126,"column":27},"end":{"line":126,"column":48}},"48":{"start":{"line":127,"column":2},"end":{"line":127,"column":22}},"49":{"start":{"line":131,"column":23},"end":{"line":153,"column":1}},"50":{"start":{"line":132,"column":20},"end":{"line":132,"column":34}},"51":{"start":{"line":133,"column":2},"end":{"line":146,"column":3}},"52":{"start":{"line":134,"column":4},"end":{"line":145,"column":5}},"53":{"start":{"line":135,"column":22},"end":{"line":135,"column":59}},"54":{"start":{"line":136,"column":6},"end":{"line":139,"column":9}},"55":{"start":{"line":141,"column":6},"end":{"line":141,"column":51}},"56":{"start":{"line":142,"column":6},"end":{"line":142,"column":21}},"57":{"start":{"line":144,"column":6},"end":{"line":144,"column":59}},"58":{"start":{"line":149,"column":27},"end":{"line":149,"column":48}},"59":{"start":{"line":150,"column":2},"end":{"line":150,"column":82}},"60":{"start":{"line":150,"column":39},"end":{"line":150,"column":82}},"61":{"start":{"line":151,"column":2},"end":{"line":151,"column":91}},"62":{"start":{"line":151,"column":42},"end":{"line":151,"column":91}},"63":{"start":{"line":152,"column":2},"end":{"line":152,"column":22}},"64":{"start":{"line":156,"column":18},"end":{"line":186,"column":1}},"65":{"start":{"line":157,"column":20},"end":{"line":157,"column":34}},"66":{"start":{"line":158,"column":2},"end":{"line":182,"column":3}},"67":{"start":{"line":159,"column":4},"end":{"line":181,"column":5}},"68":{"start":{"line":160,"column":24},"end":{"line":160,"column":55}},"69":{"start":{"line":161,"column":16},"end":{"line":161,"column":47}},"70":{"start":{"line":162,"column":28},"end":{"line":162,"column":44}},"71":{"start":{"line":164,"column":21},"end":{"line":164,"column":23}},"72":{"start":{"line":165,"column":6},"end":{"line":176,"column":9}},"73":{"start":{"line":166,"column":21},"end":{"line":166,"column":31}},"74":{"start":{"line":167,"column":8},"end":{"line":175,"column":11}},"75":{"start":{"line":178,"column":6},"end":{"line":178,"column":20}},"76":{"start":{"line":180,"column":6},"end":{"line":180,"column":68}},"77":{"start":{"line":184,"column":25},"end":{"line":184,"column":46}},"78":{"start":{"line":185,"column":2},"end":{"line":185,"column":20}},"79":{"start":{"line":189,"column":20},"end":{"line":215,"column":1}},"80":{"start":{"line":190,"column":20},"end":{"line":190,"column":34}},"81":{"start":{"line":191,"column":2},"end":{"line":206,"column":3}},"82":{"start":{"line":192,"column":4},"end":{"line":205,"column":5}},"83":{"start":{"line":193,"column":24},"end":{"line":193,"column":55}},"84":{"start":{"line":194,"column":16},"end":{"line":194,"column":60}},"85":{"start":{"line":195,"column":28},"end":{"line":195,"column":44}},"86":{"start":{"line":197,"column":6},"end":{"line":202,"column":7}},"87":{"start":{"line":198,"column":25},"end":{"line":198,"column":46}},"88":{"start":{"line":199,"column":8},"end":{"line":199,"column":47}},"89":{"start":{"line":200,"column":8},"end":{"line":200,"column":49}},"90":{"start":{"line":201,"column":8},"end":{"line":201,"column":43}},"91":{"start":{"line":204,"column":6},"end":{"line":204,"column":59}},"92":{"start":{"line":209,"column":25},"end":{"line":209,"column":46}},"93":{"start":{"line":210,"column":16},"end":{"line":210,"column":53}},"94":{"start":{"line":210,"column":37},"end":{"line":210,"column":52}},"95":{"start":{"line":211,"column":2},"end":{"line":213,"column":3}},"96":{"start":{"line":212,"column":4},"end":{"line":212,"column":34}},"97":{"start":{"line":214,"column":2},"end":{"line":214,"column":15}},"98":{"start":{"line":217,"column":0},"end":{"line":224,"column":2}}},"fnMap":{"0":{"name":"(anonymous_0)","decl":{"start":{"line":7,"column":21},"end":{"line":7,"column":22}},"loc":{"start":{"line":7,"column":27},"end":{"line":28,"column":1}},"line":7},"1":{"name":"(anonymous_1)","decl":{"start":{"line":31,"column":16},"end":{"line":31,"column":17}},"loc":{"start":{"line":31,"column":28},"end":{"line":67,"column":1}},"line":31},"2":{"name":"(anonymous_2)","decl":{"start":{"line":70,"column":19},"end":{"line":70,"column":20}},"loc":{"start":{"line":70,"column":42},"end":{"line":99,"column":1}},"line":70},"3":{"name":"(anonymous_3)","decl":{"start":{"line":102,"column":20},"end":{"line":102,"column":21}},"loc":{"start":{"line":102,"column":32},"end":{"line":128,"column":1}},"line":102},"4":{"name":"(anonymous_4)","decl":{"start":{"line":131,"column":23},"end":{"line":131,"column":24}},"loc":{"start":{"line":131,"column":42},"end":{"line":153,"column":1}},"line":131},"5":{"name":"(anonymous_5)","decl":{"start":{"line":156,"column":18},"end":{"line":156,"column":19}},"loc":{"start":{"line":156,"column":30},"end":{"line":186,"column":1}},"line":156},"6":{"name":"(anonymous_6)","decl":{"start":{"line":165,"column":28},"end":{"line":165,"column":29}},"loc":{"start":{"line":165,"column":37},"end":{"line":176,"column":7}},"line":165},"7":{"name":"(anonymous_7)","decl":{"start":{"line":189,"column":20},"end":{"line":189,"column":21}},"loc":{"start":{"line":189,"column":48},"end":{"line":215,"column":1}},"line":189},"8":{"name":"(anonymous_8)","decl":{"start":{"line":210,"column":32},"end":{"line":210,"column":33}},"loc":{"start":{"line":210,"column":37},"end":{"line":210,"column":52}},"line":210}},"branchMap":{"0":{"loc":{"start":{"line":8,"column":2},"end":{"line":26,"column":3}},"type":"if","locations":[{"start":{"line":8,"column":2},"end":{"line":26,"column":3}},{"start":{},"end":{}}],"line":8},"1":{"loc":{"start":{"line":8,"column":6},"end":{"line":8,"column":44}},"type":"binary-expr","locations":[{"start":{"line":8,"column":6},"end":{"line":8,"column":9}},{"start":{"line":8,"column":13},"end":{"line":8,"column":44}}],"line":8},"2":{"loc":{"start":{"line":33,"column":2},"end":{"line":62,"column":3}},"type":"if","locations":[{"start":{"line":33,"column":2},"end":{"line":62,"column":3}},{"start":{},"end":{}}],"line":33},"3":{"loc":{"start":{"line":38,"column":6},"end":{"line":58,"column":7}},"type":"if","locations":[{"start":{"line":38,"column":6},"end":{"line":58,"column":7}},{"start":{"line":56,"column":13},"end":{"line":58,"column":7}}],"line":38},"4":{"loc":{"start":{"line":72,"column":2},"end":{"line":93,"column":3}},"type":"if","locations":[{"start":{"line":72,"column":2},"end":{"line":93,"column":3}},{"start":{},"end":{}}],"line":72},"5":{"loc":{"start":{"line":104,"column":2},"end":{"line":124,"column":3}},"type":"if","locations":[{"start":{"line":104,"column":2},"end":{"line":124,"column":3}},{"start":{},"end":{}}],"line":104},"6":{"loc":{"start":{"line":109,"column":6},"end":{"line":120,"column":7}},"type":"if","locations":[{"start":{"line":109,"column":6},"end":{"line":120,"column":7}},{"start":{"line":118,"column":13},"end":{"line":120,"column":7}}],"line":109},"7":{"loc":{"start":{"line":133,"column":2},"end":{"line":146,"column":3}},"type":"if","locations":[{"start":{"line":133,"column":2},"end":{"line":146,"column":3}},{"start":{},"end":{}}],"line":133},"8":{"loc":{"start":{"line":150,"column":2},"end":{"line":150,"column":82}},"type":"if","locations":[{"start":{"line":150,"column":2},"end":{"line":150,"column":82}},{"start":{},"end":{}}],"line":150},"9":{"loc":{"start":{"line":151,"column":2},"end":{"line":151,"column":91}},"type":"if","locations":[{"start":{"line":151,"column":2},"end":{"line":151,"column":91}},{"start":{},"end":{}}],"line":151},"10":{"loc":{"start":{"line":158,"column":2},"end":{"line":182,"column":3}},"type":"if","locations":[{"start":{"line":158,"column":2},"end":{"line":182,"column":3}},{"start":{},"end":{}}],"line":158},"11":{"loc":{"start":{"line":191,"column":2},"end":{"line":206,"column":3}},"type":"if","locations":[{"start":{"line":191,"column":2},"end":{"line":206,"column":3}},{"start":{},"end":{}}],"line":191},"12":{"loc":{"start":{"line":197,"column":6},"end":{"line":202,"column":7}},"type":"if","locations":[{"start":{"line":197,"column":6},"end":{"line":202,"column":7}},{"start":{},"end":{}}],"line":197},"13":{"loc":{"start":{"line":211,"column":2},"end":{"line":213,"column":3}},"type":"if","locations":[{"start":{"line":211,"column":2},"end":{"line":213,"column":3}},{"start":{},"end":{}}],"line":211}},"s":{"0":0,"1":0,"2":0,"3":0,"4":0,"5":0,"6":0,"7":0,"8":0,"9":0,"10":0,"11":0,"12":0,"13":0,"14":0,"15":0,"16":0,"17":0,"18":0,"19":0,"20":0,"21":0,"22":0,"23":0,"24":0,"25":0,"26":0,"27":0,"28":0,"29":0,"30":0,"31":0,"32":0,"33":0,"34":0,"35":0,"36":0,"37":0,"38":0,"39":0,"40":0,"41":0,"42":0,"43":0,"44":0,"45":0,"46":0,"47":0,"48":0,"49":0,"50":0,"51":0,"52":0,"53":0,"54":0,"55":0,"56":0,"57":0,"58":0,"59":0,"60":0,"61":0,"62":0,"63":0,"64":0,"65":0,"66":0,"67":0,"68":0,"69":0,"70":0,"71":0,"72":0,"73":0,"74":0,"75":0,"76":0,"77":0,"78":0,"79":0,"80":0,"81":0,"82":0,"83":0,"84":0,"85":0,"86":0,"87":0,"88":0,"89":0,"90":0,"91":0,"92":0,"93":0,"94":0,"95":0,"96":0,"97":0,"98":0},"f":{"0":0,"1":0,"2":0,"3":0,"4":0,"5":0,"6":0,"7":0,"8":0},"b":{"0":[0,0],"1":[0,0],"2":[0,0],"3":[0,0],"4":[0,0],"5":[0,0],"6":[0,0],"7":[0,0],"8":[0,0],"9":[0,0],"10":[0,0],"11":[0,0],"12":[0,0],"13":[0,0]},"inputSourceMap":null}
,"C:\\Users\\sferd\\ForgeArena\\shared\\gameLogic.js": {"path":"C:\\Users\\sferd\\ForgeArena\\shared\\gameLogic.js","statementMap":{"0":{"start":{"line":2,"column":35},"end":{"line":2,"column":56}},"1":{"start":{"line":4,"column":23},"end":{"line":29,"column":1}},"2":{"start":{"line":5,"column":19},"end":{"line":5,"column":27}},"3":{"start":{"line":7,"column":2},"end":{"line":7,"column":33}},"4":{"start":{"line":10,"column":2},"end":{"line":16,"column":3}},"5":{"start":{"line":11,"column":4},"end":{"line":11,"column":54}},"6":{"start":{"line":12,"column":4},"end":{"line":12,"column":28}},"7":{"start":{"line":13,"column":4},"end":{"line":13,"column":34}},"8":{"start":{"line":14,"column":4},"end":{"line":14,"column":35}},"9":{"start":{"line":15,"column":4},"end":{"line":15,"column":33}},"10":{"start":{"line":19,"column":2},"end":{"line":21,"column":3}},"11":{"start":{"line":20,"column":4},"end":{"line":20,"column":72}},"12":{"start":{"line":23,"column":2},"end":{"line":28,"column":4}},"13":{"start":{"line":31,"column":23},"end":{"line":39,"column":1}},"14":{"start":{"line":32,"column":2},"end":{"line":38,"column":70}},"15":{"start":{"line":38,"column":19},"end":{"line":38,"column":68}},"16":{"start":{"line":41,"column":21},"end":{"line":47,"column":1}},"17":{"start":{"line":42,"column":28},"end":{"line":42,"column":49}},"18":{"start":{"line":43,"column":2},"end":{"line":46,"column":6}},"19":{"start":{"line":43,"column":50},"end":{"line":46,"column":3}},"20":{"start":{"line":49,"column":0},"end":{"line":53,"column":2}}},"fnMap":{"0":{"name":"(anonymous_0)","decl":{"start":{"line":4,"column":23},"end":{"line":4,"column":24}},"loc":{"start":{"line":4,"column":43},"end":{"line":29,"column":1}},"line":4},"1":{"name":"(anonymous_1)","decl":{"start":{"line":31,"column":23},"end":{"line":31,"column":24}},"loc":{"start":{"line":31,"column":29},"end":{"line":39,"column":1}},"line":31},"2":{"name":"(anonymous_2)","decl":{"start":{"line":38,"column":9},"end":{"line":38,"column":10}},"loc":{"start":{"line":38,"column":19},"end":{"line":38,"column":68}},"line":38},"3":{"name":"(anonymous_3)","decl":{"start":{"line":41,"column":21},"end":{"line":41,"column":22}},"loc":{"start":{"line":41,"column":27},"end":{"line":47,"column":1}},"line":41},"4":{"name":"(anonymous_4)","decl":{"start":{"line":43,"column":39},"end":{"line":43,"column":40}},"loc":{"start":{"line":43,"column":50},"end":{"line":46,"column":3}},"line":43}},"branchMap":{"0":{"loc":{"start":{"line":19,"column":2},"end":{"line":21,"column":3}},"type":"if","locations":[{"start":{"line":19,"column":2},"end":{"line":21,"column":3}},{"start":{},"end":{}}],"line":19}},"s":{"0":4,"1":4,"2":2,"3":2,"4":2,"5":2,"6":2,"7":2,"8":2,"9":2,"10":2,"11":1,"12":2,"13":4,"14":1,"15":7,"16":4,"17":1,"18":1,"19":2,"20":4},"f":{"0":2,"1":1,"2":7,"3":1,"4":2},"b":{"0":[1,1]},"inputSourceMap":null,"_coverageSchema":"1a1c01bbd47fc00a2c39e90264f33305004495a9","hash":"09ef2a0c92ae7485d3b76836277c19c213c5bfe3"}
,"C:\\Users\\sferd\\ForgeArena\\shared\\mockData.js": {"path":"C:\\Users\\sferd\\ForgeArena\\shared\\mockData.js","statementMap":{"0":{"start":{"line":2,"column":15},"end":{"line":21,"column":1}},"1":{"start":{"line":23,"column":17},"end":{"line":29,"column":1}},"2":{"start":{"line":31,"column":23},"end":{"line":37,"column":1}},"3":{"start":{"line":39,"column":20},"end":{"line":46,"column":1}},"4":{"start":{"line":48,"column":16},"end":{"line":51,"column":1}},"5":{"start":{"line":53,"column":23},"end":{"line":58,"column":1}},"6":{"start":{"line":60,"column":19},"end":{"line":66,"column":1}},"7":{"start":{"line":68,"column":17},"end":{"line":73,"column":1}},"8":{"start":{"line":75,"column":0},"end":{"line":84,"column":2}}},"fnMap":{},"branchMap":{},"s":{"0":4,"1":4,"2":4,"3":4,"4":4,"5":4,"6":4,"7":4,"8":4},"f":{},"b":{},"inputSourceMap":null,"_coverageSchema":"1a1c01bbd47fc00a2c39e90264f33305004495a9","hash":"8590f404099731b4a335a53e8cc257ac5a8fa5b5"}
}
